2025-05-17 14:56:08 [main] INFO  testcases.PagenationTest - driver is in Homepage
2025-05-17 14:56:23 [main] INFO  testcases.PagenationTest - ----successfully enter the details of product-----
2025-05-17 14:56:26 [main] INFO  testcases.PagenationTest - --succefully selected the product----
2025-05-17 14:56:26 [main] INFO  testcases.PagenationTest - ---driver is successfully navigated to new product tab---
2025-05-17 14:56:36 [main] INFO  testcases.PagenationTest - driver is in Homepage
2025-05-17 14:56:43 [main] INFO  testcases.PagenationTest - ----successfully enter the details of product-----
2025-05-17 14:57:16 [main] INFO  testcases.PagenationTest - --succefully selected the product----
2025-05-17 14:57:16 [main] INFO  testcases.PagenationTest - ---driver is successfully navigated to new product tab---
2025-05-17 14:57:16 [main] INFO  testcases.PagenationTest - ---driver is successfully navigated to new product tab---
2025-05-17 15:07:35 [main] INFO  testcases.PagenationTest - driver is in Homepage
2025-05-17 15:07:46 [main] INFO  testcases.PagenationTest - ----successfully enter the details of product-----
2025-05-17 15:07:51 [main] INFO  testcases.PagenationTest - --succefully selected the product----
2025-05-17 15:07:51 [main] INFO  testcases.PagenationTest - ---driver is successfully navigated to new product tab---
2025-05-17 15:07:51 [main] INFO  testcases.PagenationTest - ---driver is successfully navigated to new product tab---
2025-05-17 15:08:02 [main] INFO  testcases.PagenationTest - ---order placed successfully---
2025-05-17 15:08:36 [main] INFO  testcases.PagenationTest - driver is in Homepage
2025-05-17 15:08:44 [main] INFO  testcases.PagenationTest - ----successfully enter the details of product-----
2025-05-17 15:08:55 [main] INFO  testcases.PagenationTest - --succefully selected the product----
2025-05-17 15:08:55 [main] INFO  testcases.PagenationTest - ---driver is successfully navigated to new product tab---
2025-05-17 15:09:05 [main] INFO  testcases.PagenationTest - driver is in Homepage
2025-05-17 15:09:11 [main] INFO  testcases.PagenationTest - ----successfully enter the details of product-----
2025-05-17 15:09:58 [main] INFO  testcases.PagenationTest - --succefully selected the product----
2025-05-17 15:09:58 [main] INFO  testcases.PagenationTest - ---driver is successfully navigated to new product tab---
2025-05-17 15:09:58 [main] INFO  testcases.PagenationTest - ---driver is successfully navigated to new product tab---
2025-05-17 15:10:06 [main] INFO  testcases.PagenationTest - ---order placed successfully---
2025-05-17 16:10:59 [main] INFO  testcases.PagenationTest - driver is in Homepage
2025-05-17 16:11:08 [main] INFO  testcases.PagenationTest - ----successfully enter the details of product-----
2025-05-17 16:11:19 [main] INFO  testcases.PagenationTest - product found on page-->1
2025-05-17 16:11:20 [main] INFO  testcases.PagenationTest - --succefully selected the product----
2025-05-17 16:11:20 [main] INFO  testcases.PagenationTest - ---driver is successfully navigated to new product tab---
2025-05-17 16:11:30 [main] INFO  testcases.PagenationTest - driver is in Homepage
2025-05-17 16:11:36 [main] INFO  testcases.PagenationTest - ----successfully enter the details of product-----
2025-05-17 16:11:39 [main] INFO  testcases.PagenationTest - product found on page-->1
2025-05-17 16:11:40 [main] INFO  testcases.PagenationTest - --succefully selected the product----
2025-05-17 16:11:40 [main] INFO  testcases.PagenationTest - ---driver is successfully navigated to new product tab---
2025-05-17 16:11:40 [main] INFO  testcases.PagenationTest - ---driver is successfully navigated to new product tab---
2025-05-17 16:11:48 [main] INFO  testcases.PagenationTest - ---order placed successfully---
